  cg_weapons.c
  cg_view.c
  cg_trails.c
  cg_syscalls.c
  cg_sound.c
  cg_snapshot.c
  cg_servercmds.c
  cg_scoreboard.c
  cg_predict.c
  cg_playerstate.c
  cg_players.c
  cg_particles.c
  cg_newDraw.c
  cg_marks.c
  cg_main.c
  cg_localents.c
  cg_info.c
  cg_flamethrower.c
  cg_event.c
  cg_ents.c
  Generating Code...
  Compiling...
  cg_effects.c
  cg_drawtools.c
  cg_draw.c
  cg_consolecmds.c
  ui_shared.c
  q_shared.c
  q_math.c
  bg_slidemove.c
  bg_pmove.c
  bg_misc.c
  bg_lib.c
  bg_animation.c
  Generating Code...
C:\Program Files (x86)\MSBuild\Microsoft.Cpp\v4.0\V140\Microsoft.CppBuild.targets(1189,5): warning MSB8012: TargetPath(C:\Users\Andrew\Documents\RTCW_VR\rtcw-sp-1.42d-src\RTCW-SP.git\trunk\src\cgame\.\Debug\cgame.dll) does not match the Linker's OutputFile property value (C:\Users\Andrew\Documents\RTCW_VR\rtcw-sp-1.42d-src\RTCW-SP.git\trunk\src\Debug\cgamex86.dll). This may cause your project to build incorrectly. To correct this, please make sure that $(OutDir), $(TargetName) and $(TargetExt) property values match the value specified in %(Link.OutputFile).
C:\Program Files (x86)\MSBuild\Microsoft.Cpp\v4.0\V140\Microsoft.CppBuild.targets(1191,5): warning MSB8012: TargetName(cgame) does not match the Linker's OutputFile property value (cgamex86). This may cause your project to build incorrectly. To correct this, please make sure that $(OutDir), $(TargetName) and $(TargetExt) property values match the value specified in %(Link.OutputFile).
bg_animation.obj : warning LNK4075: ignoring '/EDITANDCONTINUE' due to '/SAFESEH' specification
     Creating library .\Debug/cgamex86.lib and object .\Debug/cgamex86.exp
  cgame.vcxproj -> C:\Users\Andrew\Documents\RTCW_VR\rtcw-sp-1.42d-src\RTCW-SP.git\trunk\src\cgame\.\Debug\cgame.dll
  cgame.vcxproj -> .\Debug/cgamex86.pdb (Full PDB)
