c:\users\andrew\documents\rtcw_vr\rtcw-sp-1.42d-src\rtcw-sp.git\trunk\src\extractfuncs\debug\extractfuncs.bsc
c:\users\andrew\documents\rtcw_vr\rtcw-sp-1.42d-src\rtcw-sp.git\trunk\src\extractfuncs\debug\vc140.pdb
c:\users\andrew\documents\rtcw_vr\rtcw-sp-1.42d-src\rtcw-sp.git\trunk\src\extractfuncs\debug\vc140.idb
c:\users\andrew\documents\rtcw_vr\rtcw-sp-1.42d-src\rtcw-sp.git\trunk\src\extractfuncs\debug\extractfuncs.sbr
c:\users\andrew\documents\rtcw_vr\rtcw-sp-1.42d-src\rtcw-sp.git\trunk\src\extractfuncs\debug\l_log.sbr
c:\users\andrew\documents\rtcw_vr\rtcw-sp-1.42d-src\rtcw-sp.git\trunk\src\extractfuncs\debug\l_memory.sbr
c:\users\andrew\documents\rtcw_vr\rtcw-sp-1.42d-src\rtcw-sp.git\trunk\src\extractfuncs\debug\l_precomp.sbr
c:\users\andrew\documents\rtcw_vr\rtcw-sp-1.42d-src\rtcw-sp.git\trunk\src\extractfuncs\debug\l_script.sbr
c:\users\andrew\documents\rtcw_vr\rtcw-sp-1.42d-src\rtcw-sp.git\trunk\src\extractfuncs\debug\l_script.obj
c:\users\andrew\documents\rtcw_vr\rtcw-sp-1.42d-src\rtcw-sp.git\trunk\src\extractfuncs\debug\l_precomp.obj
c:\users\andrew\documents\rtcw_vr\rtcw-sp-1.42d-src\rtcw-sp.git\trunk\src\extractfuncs\debug\l_memory.obj
c:\users\andrew\documents\rtcw_vr\rtcw-sp-1.42d-src\rtcw-sp.git\trunk\src\extractfuncs\debug\l_log.obj
c:\users\andrew\documents\rtcw_vr\rtcw-sp-1.42d-src\rtcw-sp.git\trunk\src\extractfuncs\debug\extractfuncs.obj
c:\users\andrew\documents\rtcw_vr\rtcw-sp-1.42d-src\rtcw-sp.git\trunk\src\extractfuncs\extractfuncs.ilk
c:\users\andrew\documents\rtcw_vr\rtcw-sp-1.42d-src\rtcw-sp.git\trunk\src\extractfuncs\extractfuncs.exe
c:\users\andrew\documents\rtcw_vr\rtcw-sp-1.42d-src\rtcw-sp.git\trunk\src\extractfuncs\debug\extractfuncs.map
c:\users\andrew\documents\rtcw_vr\rtcw-sp-1.42d-src\rtcw-sp.git\trunk\src\extractfuncs\debug\extractfuncs.pdb
c:\users\andrew\documents\rtcw_vr\rtcw-sp-1.42d-src\rtcw-sp.git\trunk\src\extractfuncs\debug\extractfuncs.tlog\bscmake.command.1.tlog
c:\users\andrew\documents\rtcw_vr\rtcw-sp-1.42d-src\rtcw-sp.git\trunk\src\extractfuncs\debug\extractfuncs.tlog\bscmake.read.1.tlog
c:\users\andrew\documents\rtcw_vr\rtcw-sp-1.42d-src\rtcw-sp.git\trunk\src\extractfuncs\debug\extractfuncs.tlog\bscmake.write.1.tlog
c:\users\andrew\documents\rtcw_vr\rtcw-sp-1.42d-src\rtcw-sp.git\trunk\src\extractfuncs\debug\extractfuncs.tlog\cl.command.1.tlog
c:\users\andrew\documents\rtcw_vr\rtcw-sp-1.42d-src\rtcw-sp.git\trunk\src\extractfuncs\debug\extractfuncs.tlog\cl.read.1.tlog
c:\users\andrew\documents\rtcw_vr\rtcw-sp-1.42d-src\rtcw-sp.git\trunk\src\extractfuncs\debug\extractfuncs.tlog\cl.write.1.tlog
c:\users\andrew\documents\rtcw_vr\rtcw-sp-1.42d-src\rtcw-sp.git\trunk\src\extractfuncs\debug\extractfuncs.tlog\link.command.1.tlog
c:\users\andrew\documents\rtcw_vr\rtcw-sp-1.42d-src\rtcw-sp.git\trunk\src\extractfuncs\debug\extractfuncs.tlog\link.read.1.tlog
c:\users\andrew\documents\rtcw_vr\rtcw-sp-1.42d-src\rtcw-sp.git\trunk\src\extractfuncs\debug\extractfuncs.tlog\link.write.1.tlog
